2018-01-22 13:56:28 WARN  CreatePoint:13 - Точка создана
2018-01-22 13:56:28 WARN  CreatePoint:13 - Точка создана
2018-01-22 13:56:28 WARN  CreatePoint:13 - Точка создана
2018-01-22 13:56:28 WARN  CreatePoint:13 - Точка создана
2018-01-22 13:56:28 WARN  CreatePoint:13 - Точка создана
2018-01-22 13:56:28 WARN  CreatePoint:13 - Точка создана
2018-01-22 13:56:28 WARN  CreatePoint:13 - Точка создана
2018-01-22 13:56:28 WARN  CreatePoint:13 - Точка создана
2018-01-22 13:56:28 WARN  CreatePoint:13 - Точка создана
2018-01-22 13:56:28 WARN  CreatePoint:13 - Точка создана
2018-01-22 13:56:28 WARN  CreatePoint:13 - Точка создана
2018-01-22 13:56:28 WARN  CreatePoint:13 - Точка создана
2018-01-22 13:57:32 INFO  CreatePoint:13 - Точка создана
2018-01-22 13:57:32 INFO  CreatePoint:13 - Точка создана
2018-01-22 13:57:32 INFO  CreatePoint:13 - Точка создана
2018-01-22 13:57:32 INFO  CreatePoint:13 - Точка создана
2018-01-22 13:57:32 INFO  CreatePoint:13 - Точка создана
2018-01-22 13:57:32 INFO  CreatePoint:13 - Точка создана
2018-01-22 13:57:32 INFO  CreatePoint:13 - Точка создана
2018-01-22 13:57:32 INFO  CreatePoint:13 - Точка создана
2018-01-22 13:57:32 INFO  CreatePoint:13 - Точка создана
2018-01-22 13:57:32 INFO  CreatePoint:13 - Точка создана
2018-01-22 13:57:32 INFO  CreatePoint:13 - Точка создана
2018-01-22 13:57:32 INFO  CreatePoint:13 - Точка создана
2018-01-22 14:03:54 INFO  CreatePoint:13 - Точка создана
2018-01-22 14:03:54 INFO  CreatePoint:13 - Точка создана
2018-01-22 14:03:54 INFO  CreatePoint:13 - Точка создана
2018-01-22 14:03:54 INFO  CreatePoint:13 - Точка создана
2018-01-22 14:03:54 INFO  CreatePoint:13 - Точка создана
2018-01-22 14:03:54 INFO  CreatePoint:13 - Точка создана
2018-01-22 14:03:54 INFO  CreatePoint:13 - Точка создана
2018-01-22 14:03:54 INFO  CreatePoint:13 - Точка создана
2018-01-22 14:03:54 INFO  CreatePoint:13 - Точка создана
2018-01-22 14:03:54 INFO  CreatePoint:13 - Точка создана
2018-01-22 14:03:54 INFO  CreatePoint:13 - Точка создана
2018-01-22 14:03:54 INFO  CreatePoint:13 - Точка создана
2018-01-22 15:18:58 INFO  CreatePoint:13 - Точка создана
2018-01-22 15:18:58 INFO  CreatePoint:13 - Точка создана
2018-01-22 15:19:59 INFO  CreatePoint:13 - Точка создана
2018-01-22 15:19:59 INFO  CreatePoint:13 - Точка создана
2018-01-22 15:20:24 INFO  CreatePoint:13 - Точка создана
2018-01-22 15:20:24 INFO  CreatePoint:13 - Точка создана
2018-01-22 15:20:24 INFO  CreatePoint:13 - Точка создана
2018-01-22 15:20:24 INFO  CreateTriangle:47 - Triangle has been created
2018-01-22 15:20:24 INFO  CreatePoint:13 - Точка создана
2018-01-22 15:20:24 INFO  CreatePoint:13 - Точка создана
2018-01-22 15:20:24 INFO  CreatePoint:13 - Точка создана
2018-01-22 15:20:24 INFO  CreateTriangle:47 - Triangle has been created
2018-01-22 15:20:24 INFO  CreateTriangle:49 - Triangle hasn't been created
2018-01-22 15:20:24 INFO  CreateTriangle:40 - All valid triangles was created
2018-01-22 15:20:24 INFO  CreatePoint:13 - Точка создана
2018-01-22 15:20:24 INFO  CreatePoint:13 - Точка создана
2018-01-22 15:20:24 INFO  CreatePoint:13 - Точка создана
2018-01-22 15:20:24 INFO  CreatePoint:13 - Точка создана
2018-01-22 15:20:24 INFO  CreatePoint:13 - Точка создана
2018-01-22 15:20:24 INFO  CreatePoint:13 - Точка создана
2018-01-22 15:32:52 INFO  CreatePoint:13 - Точка создана
2018-01-22 15:32:52 INFO  CreatePoint:13 - Точка создана
2018-01-22 15:32:52 INFO  CreatePoint:13 - Точка создана
2018-01-22 15:32:52 INFO  CreateTriangle:47 - Triangle has been created
2018-01-22 15:32:52 INFO  CreateTriangle:49 - Triangle hasn't been created
2018-01-22 15:32:52 INFO  CreatePoint:13 - Точка создана
2018-01-22 15:32:52 INFO  CreatePoint:13 - Точка создана
2018-01-22 15:32:52 INFO  CreatePoint:13 - Точка создана
2018-01-22 15:32:52 INFO  CreateTriangle:47 - Triangle has been created
2018-01-22 15:32:52 INFO  CreateTriangle:49 - Triangle hasn't been created
2018-01-22 15:32:52 INFO  CreateTriangle:40 - All valid triangles was created
2018-01-22 15:32:52 INFO  CreatePoint:13 - Точка создана
2018-01-22 15:32:52 INFO  CreatePoint:13 - Точка создана
2018-01-22 15:32:52 INFO  CreatePoint:13 - Точка создана
2018-01-22 15:32:52 INFO  CreatePoint:13 - Точка создана
2018-01-22 15:32:52 INFO  CreatePoint:13 - Точка создана
2018-01-22 15:32:52 INFO  CreatePoint:13 - Точка создана
